2023-10-09-19:10:05 INFO  App Launched
2023-10-09-19:10:10 INFO  Click Successful
2023-10-09-19:19:25 INFO  App Launched
2023-10-09-19:19:28 INFO  Click Successful
2023-10-10-08:16:12 INFO  App Launched
2023-10-10-08:16:18 INFO  Product Selected
2023-10-10-08:16:20 INFO  Click Successful
2023-10-10-08:19:09 INFO  App Launched
2023-10-10-08:19:16 INFO  Product Selected
2023-10-10-08:19:17 INFO  Click Successful
2023-10-10-18:44:31 INFO  App Launched
2023-10-10-18:44:39 INFO  Product Selected
2023-10-10-18:44:40 INFO  Click Successful
2023-10-10-18:48:01 INFO  App Launched
2023-10-10-18:48:01 INFO  Screen rotate
2023-10-10-18:48:09 INFO  Product Selected
2023-10-10-18:48:10 INFO  Click Successful
2023-10-10-18:49:00 INFO  App Launched
2023-10-10-18:49:05 INFO  Product Selected
2023-10-10-18:49:07 INFO  Click Successful
2023-10-10-18:49:10 INFO  Screen rotate
2023-10-10-18:56:46 INFO  App Launched
2023-10-10-18:56:54 INFO  Product Selected
2023-10-10-18:57:07 INFO  Screen rotate
2023-10-10-19:01:47 INFO  App Launched
2023-10-10-19:01:53 INFO  Product Selected
2023-10-10-19:01:55 INFO  Click Successful
2023-10-10-19:01:58 INFO  Screen rotate
2023-10-10-19:02:56 INFO  App Launched
2023-10-10-19:03:24 INFO  Screen rotate
2023-10-10-19:07:49 INFO  App Launched
2023-10-10-19:07:57 INFO  Product Selected
2023-10-10-19:08:07 INFO  Click Successful
2023-10-10-19:08:09 INFO  Screen rotate
2023-10-12-08:06:31 INFO  App Launched
2023-10-12-08:19:42 INFO  App Launched
2023-10-12-08:34:52 INFO  App Launched
2023-10-12-08:34:55 INFO  Click Successful
2023-10-12-08:58:08 INFO  App Launched
2023-10-12-08:58:11 INFO  Click Successful
2023-10-12-08:59:36 INFO  App Launched
2023-10-12-08:59:39 INFO  Click Successful
2023-10-12-09:01:04 INFO  App Launched
2023-10-12-09:02:34 INFO  App Launched
2023-10-12-09:04:24 INFO  App Launched
2023-10-12-09:04:30 INFO  Click Successful
2023-10-13-11:13:11 INFO  App Launched
2023-10-13-11:13:14 INFO  Click Successful
2023-10-13-11:15:21 INFO  App Launched
2023-10-13-11:22:08 INFO  App Launched
2023-10-13-11:23:23 INFO  App Launched
2023-10-13-11:24:04 INFO  App Launched
2023-10-13-11:25:24 INFO  App Launched
2023-10-13-11:28:23 INFO  App Launched
2023-10-13-11:28:51 INFO  App Launched
2023-10-13-11:28:57 INFO  Product Selected
2023-10-13-11:30:18 INFO  App Launched
2023-10-13-11:30:22 INFO  Product Selected
2023-10-13-11:30:26 INFO  Screen rotate
2023-10-13-11:38:34 INFO  App Launched
2023-10-13-11:38:40 INFO  Product Selected
2023-10-13-11:38:51 INFO  Screen rotate
2023-11-07-09:44:09 INFO  App Launched
2023-11-07-09:44:17 INFO  Product Selected
2023-11-07-09:44:28 INFO  Screen rotate
2023-11-14-11:48:34 INFO  App Launched
2023-11-14-11:48:37 INFO  Screen rotate
2023-11-14-11:49:20 INFO  App Launched
2023-11-14-11:49:26 INFO  Clicked on Category
2023-11-14-11:49:28 INFO  Screen rotate
2023-11-14-19:38:12 INFO  App Launched
2023-11-14-19:38:16 INFO  Clicked on Category
2023-11-14-19:38:25 INFO  Screen rotate
2023-12-06-08:13:07 INFO  App Launched
2023-12-06-08:13:24 INFO  App Launched
2023-12-06-08:14:14 INFO  App Launched
2023-12-06-08:14:32 INFO  App Launched
2023-12-06-08:15:30 INFO  App Launched
2023-12-13-11:09:08 INFO  App Launched
2023-12-13-11:09:13 INFO  Clicked on Category
2023-12-13-11:09:41 INFO  Click Successful
2023-12-13-11:09:43 INFO  Screen rotate
2023-12-13-11:39:57 INFO  App Launched
2023-12-13-11:40:02 INFO  Clicked on Category
2023-12-13-11:40:28 INFO  Click Successful
2023-12-13-11:40:30 INFO  Screen rotate
2023-12-13-20:39:04 INFO  App Launched
2023-12-13-20:39:09 INFO  Clicked on Category
2023-12-13-20:39:37 INFO  Click Successful
2023-12-13-20:39:39 INFO  Screen rotate
2023-12-15-09:54:22 INFO  App Launched
2023-12-15-09:54:27 INFO  Clicked on Category
2023-12-15-09:55:05 INFO  Click Successful
2023-12-15-09:55:08 INFO  Screen rotate
